[2026-04-07 18:14:12] --- Log started ---

[2026-04-07 18:14:12] cREXX Parser Server starting... (debug=2)
[2026-04-07 18:14:12] Starting stdio server...
[2026-04-07 18:14:12] Parser stdio server starting
[2026-04-07 18:14:12] cb_start_stdio_server: receive_msg failed or EOF
[2026-04-07 18:14:36] --- Log started ---

[2026-04-07 18:14:36] cREXX Parser Server starting... (debug=2)
[2026-04-07 18:14:36] Starting stdio server...
[2026-04-07 18:14:36] Parser stdio server starting
[2026-04-07 18:14:36] base_load_initial_content: id=test_parser.rexx, version=0, lines=8
[2026-04-07 18:14:36] base_parse_buffer: starting parse, lines=8
[2026-04-07 18:14:36] base_parse_buffer: calling parser_function
[2026-04-07 18:14:36] PANIC: Incorrect order in validate_node
[2026-04-07 18:14:36] PANIC: Incorrect gap in validate_node
[2026-04-07 18:14:36] PANIC: Incorrect gap in validate_node
[2026-04-07 18:14:36] PANIC: Incorrect gap in validate_node
[2026-04-07 18:14:36] PANIC: Incorrect gap in validate_node
[2026-04-07 18:14:36] PANIC: Incorrect gap in validate_node
[2026-04-07 18:14:36] PANIC: Incorrect order in validate_node
[2026-04-07 18:14:36] PANIC: Incorrect order in validate_node
[2026-04-07 18:14:36] PANIC: Incorrect gap in validate_node
[2026-04-07 18:14:36] PANIC: Incorrect gap in validate_node
[2026-04-07 18:14:36] PANIC: Incorrect gap in validate_node
[2026-04-07 18:14:36] PANIC: Incorrect gap in validate_node
[2026-04-07 18:14:36] PANIC: Incorrect order in validate_node
[2026-04-07 18:14:36] PANIC: Incorrect order in validate_node
[2026-04-07 18:14:36] PANIC: Incorrect gap in validate_node
[2026-04-07 18:14:36] PANIC: Incorrect gap in validate_node
[2026-04-07 18:14:36] PANIC: Incorrect order in validate_node
[2026-04-07 18:14:36] PANIC: Incorrect order in validate_node
[2026-04-07 18:14:36] PANIC: Incorrect gap in validate_node
[2026-04-07 18:14:36] PANIC: Incorrect gap in validate_node
[2026-04-07 18:14:36] PANIC: Incorrect gap in validate_node
[2026-04-07 18:14:36] PANIC: Incorrect gap in validate_node
[2026-04-07 18:14:36] PANIC: Incorrect gap in validate_node
[2026-04-07 18:14:36] PANIC: Incorrect order in validate_node
[2026-04-07 18:14:36] PANIC: Incorrect gap in validate_node
[2026-04-07 18:14:36] PANIC: Incorrect gap in validate_node
[2026-04-07 18:14:36] PANIC: Incorrect order in validate_node
[2026-04-07 18:14:36] PANIC: Incorrect order in validate_node
[2026-04-07 18:14:36] PANIC: Incorrect order in validate_node
[2026-04-07 18:14:36] PANIC: Incorrect order in validate_node
[2026-04-07 18:14:36] PANIC: Incorrect order in validate_node
[2026-04-07 18:16:42] --- Log started ---

[2026-04-07 18:16:42] cREXX Parser Server starting... (debug=2)
[2026-04-07 18:16:42] Starting stdio server...
[2026-04-07 18:16:42] Parser stdio server starting
[2026-04-07 18:16:42] base_load_initial_content: id=test_parser.rexx, version=0, lines=8
[2026-04-07 18:16:42] base_parse_buffer: starting parse, lines=8
[2026-04-07 18:16:42] base_parse_buffer: calling parser_function
[2026-04-07 18:17:58] --- Log started ---

[2026-04-07 18:17:58] cREXX Parser Server starting... (debug=2)
[2026-04-07 18:17:58] Starting stdio server...
[2026-04-07 18:17:58] Parser stdio server starting
[2026-04-07 18:17:58] base_load_initial_content: id=test_parser.rexx, version=0, lines=8
[2026-04-07 18:17:58] base_parse_buffer: starting parse, lines=8
[2026-04-07 18:17:58] base_parse_buffer: calling parser_function
[2026-04-07 18:17:58] rxc_dsl_parser_func: Extracting source...
[2026-04-07 18:17:58] rxc_dsl_parser_func: Setting up context...
[2026-04-07 18:17:58] rxc_dsl_parser_func: Feeding buffer...
[2026-04-07 18:17:58] rxc_dsl_parser_func: Running parsing and validation...
[2026-04-07 18:17:58] rxc_dsl_parser_func: Running rxcp_val...
[2026-04-07 18:17:58] rxc_dsl_parser_func: Building token buffer...
[2026-04-07 18:17:58] rxc_dsl_parser_func: Iterating tokens...
[2026-04-07 18:17:58] rxc_dsl_parser_func: Processing diagnostics...
[2026-04-07 18:17:58] rxc_dsl_parser_func: Finalizing tree...
[2026-04-07 18:17:58] rxc_dsl_parser_func: Adding missing tokens...
[2026-04-07 18:17:58] rxc_dsl_parser_func: Tweaking positions and validating...
[2026-04-07 18:17:58] rxc_dsl_parser_func: Cleaning up...
[2026-04-07 18:19:32] --- Log started ---

[2026-04-07 18:19:32] cREXX Parser Server starting... (debug=2)
[2026-04-07 18:19:32] Starting stdio server...
[2026-04-07 18:19:32] Parser stdio server starting
[2026-04-07 18:19:32] base_load_initial_content: id=test_parser.rexx, version=0, lines=8
[2026-04-07 18:19:32] base_parse_buffer: starting parse, lines=8
[2026-04-07 18:19:32] base_parse_buffer: calling parser_function
[2026-04-07 18:19:32] rxc_dsl_parser_func: Extracting source...
[2026-04-07 18:19:32] rxc_dsl_parser_func: Setting up context...
[2026-04-07 18:19:32] rxc_dsl_parser_func: Feeding buffer...
[2026-04-07 18:19:32] rxc_dsl_parser_func: Running parsing and validation...
[2026-04-07 18:19:32] rxc_dsl_parser_func: Running rxcp_val...
[2026-04-07 18:19:32] rxc_dsl_parser_func: Building token buffer...
[2026-04-07 18:19:32] rxc_dsl_parser_func: Iterating tokens...
[2026-04-07 18:19:32] rxc_dsl_parser_func: Processing diagnostics...
[2026-04-07 18:19:32] rxc_dsl_parser_func: Finalizing tree...
[2026-04-07 18:19:32] rxc_dsl_parser_func: Adding missing tokens...
[2026-04-07 18:19:32] rxc_dsl_parser_func: Tweaking positions and validating...
[2026-04-07 18:19:32] rxc_dsl_parser_func: Cleaning up...
[2026-04-07 18:19:32] base_parse_buffer: finished parse
[2026-04-07 18:19:32] cb_flatten_tree: starting flattening
[2026-04-07 18:19:32] cb_flatten_tree: finished, count=57
[2026-04-07 18:19:32] cb_start_stdio_server: receive_msg failed or EOF
